0 info it worked if it ends with ok
1 verbose cli [ '/usr/local/bin/node',
1 verbose cli   '/usr/local/bin/npm',
1 verbose cli   'install',
1 verbose cli   '-g',
1 verbose cli   'node' ]
2 info using npm@3.10.10
3 info using node@v6.11.3
4 silly loadCurrentTree Starting
5 silly install loadCurrentTree
6 silly install readGlobalPackageData
7 silly fetchPackageMetaData node
8 silly fetchNamedPackageData node
9 silly mapToRegistry name node
10 silly mapToRegistry using default registry
11 silly mapToRegistry registry https://registry.npmjs.org/
12 silly mapToRegistry data Result {
12 silly mapToRegistry   raw: 'node',
12 silly mapToRegistry   scope: null,
12 silly mapToRegistry   escapedName: 'node',
12 silly mapToRegistry   name: 'node',
12 silly mapToRegistry   rawSpec: '',
12 silly mapToRegistry   spec: 'latest',
12 silly mapToRegistry   type: 'tag' }
13 silly mapToRegistry uri https://registry.npmjs.org/node
14 verbose request uri https://registry.npmjs.org/node
15 verbose request no auth needed
16 info attempt registry request try #1 at 5:33:01 PM
17 verbose request id 17b05b3f41265fc6
18 verbose etag W/"5976bd14-4df89"
19 verbose lastModified Tue, 25 Jul 2017 03:37:56 GMT
20 http request GET https://registry.npmjs.org/node
21 http 200 https://registry.npmjs.org/node
22 verbose headers { date: 'Sat, 06 Oct 2018 22:33:02 GMT',
22 verbose headers   'content-type': 'application/json',
22 verbose headers   'transfer-encoding': 'chunked',
22 verbose headers   connection: 'keep-alive',
22 verbose headers   'set-cookie': [ '__cfduid=d4f9a2d0a32a0a0cd91735f35f46765e11538865181; expires=Sun, 06-Oct-19 22:33:01 GMT; path=/; domain=.registry.npmjs.org; HttpOnly' ],
22 verbose headers   'cf-cache-status': 'REVALIDATED',
22 verbose headers   'cache-control': 'max-age=300',
22 verbose headers   'cf-ray': '465b965a4974254f-ORD',
22 verbose headers   etag: 'W/"8d5a775fcfa216a7561de392540e6763"',
22 verbose headers   'expect-ct': 'max-age=604800, report-uri="https://report-uri.cloudflare.com/cdn-cgi/beacon/expect-ct"',
22 verbose headers   'last-modified': 'Mon, 24 Sep 2018 01:57:11 GMT',
22 verbose headers   vary: 'accept-encoding, accept',
22 verbose headers   'x-amz-meta-rev': '432-e9caf38f1c2fb0a80d1dfb9cbbfd7637',
22 verbose headers   server: 'cloudflare',
22 verbose headers   'content-encoding': 'gzip' }
23 silly get cb [ 200,
23 silly get   { date: 'Sat, 06 Oct 2018 22:33:02 GMT',
23 silly get     'content-type': 'application/json',
23 silly get     'transfer-encoding': 'chunked',
23 silly get     connection: 'keep-alive',
23 silly get     'set-cookie': [ '__cfduid=d4f9a2d0a32a0a0cd91735f35f46765e11538865181; expires=Sun, 06-Oct-19 22:33:01 GMT; path=/; domain=.registry.npmjs.org; HttpOnly' ],
23 silly get     'cf-cache-status': 'REVALIDATED',
23 silly get     'cache-control': 'max-age=300',
23 silly get     'cf-ray': '465b965a4974254f-ORD',
23 silly get     etag: 'W/"8d5a775fcfa216a7561de392540e6763"',
23 silly get     'expect-ct': 'max-age=604800, report-uri="https://report-uri.cloudflare.com/cdn-cgi/beacon/expect-ct"',
23 silly get     'last-modified': 'Mon, 24 Sep 2018 01:57:11 GMT',
23 silly get     vary: 'accept-encoding, accept',
23 silly get     'x-amz-meta-rev': '432-e9caf38f1c2fb0a80d1dfb9cbbfd7637',
23 silly get     server: 'cloudflare',
23 silly get     'content-encoding': 'gzip' } ]
24 verbose get saving node to /Users/adamgreenspan/.npm/registry.npmjs.org/node/.cache.json
25 verbose correctMkdir /Users/adamgreenspan/.npm correctMkdir not in flight; initializing
26 silly install normalizeTree
27 silly loadCurrentTree Finishing
28 silly loadIdealTree Starting
29 silly install loadIdealTree
30 silly cloneCurrentTree Starting
31 silly install cloneCurrentTreeToIdealTree
32 silly cloneCurrentTree Finishing
33 silly loadShrinkwrap Starting
34 silly install loadShrinkwrap
35 silly loadShrinkwrap Finishing
36 silly loadAllDepsIntoIdealTree Starting
37 silly install loadAllDepsIntoIdealTree
38 silly resolveWithNewModule node@10.11.0 checking installable status
39 silly cache add args [ 'node', null ]
40 verbose cache add spec node
41 silly cache add parsed spec Result {
41 silly cache add   raw: 'node',
41 silly cache add   scope: null,
41 silly cache add   escapedName: 'node',
41 silly cache add   name: 'node',
41 silly cache add   rawSpec: '',
41 silly cache add   spec: 'latest',
41 silly cache add   type: 'tag' }
42 silly addNamed node@latest
43 verbose addNamed "latest" is being treated as a dist-tag for node
44 info addNameTag [ 'node', 'latest' ]
45 silly mapToRegistry name node
46 silly mapToRegistry using default registry
47 silly mapToRegistry registry https://registry.npmjs.org/
48 silly mapToRegistry data Result {
48 silly mapToRegistry   raw: 'node',
48 silly mapToRegistry   scope: null,
48 silly mapToRegistry   escapedName: 'node',
48 silly mapToRegistry   name: 'node',
48 silly mapToRegistry   rawSpec: '',
48 silly mapToRegistry   spec: 'latest',
48 silly mapToRegistry   type: 'tag' }
49 silly mapToRegistry uri https://registry.npmjs.org/node
50 verbose addNameTag registry:https://registry.npmjs.org/node not in flight; fetching
51 verbose get https://registry.npmjs.org/node not expired, no request
52 silly addNameTag next cb for node with tag latest
53 silly addNamed node@10.11.0
54 verbose addNamed "10.11.0" is a plain semver version for node
55 silly mapToRegistry name node
56 silly mapToRegistry using default registry
57 silly mapToRegistry registry https://registry.npmjs.org/
58 silly mapToRegistry data Result {
58 silly mapToRegistry   raw: 'node',
58 silly mapToRegistry   scope: null,
58 silly mapToRegistry   escapedName: 'node',
58 silly mapToRegistry   name: 'node',
58 silly mapToRegistry   rawSpec: '',
58 silly mapToRegistry   spec: 'latest',
58 silly mapToRegistry   type: 'tag' }
59 silly mapToRegistry uri https://registry.npmjs.org/node
60 verbose addRemoteTarball https://registry.npmjs.org/node/-/node-10.11.0.tgz not in flight; adding
61 verbose addRemoteTarball [ 'https://registry.npmjs.org/node/-/node-10.11.0.tgz',
61 verbose addRemoteTarball   '2f6b2392c9bf9f7dc100a0115885bd053957c4bf' ]
62 info retry fetch attempt 1 at 5:33:02 PM
63 info attempt registry request try #1 at 5:33:02 PM
64 http fetch GET https://registry.npmjs.org/node/-/node-10.11.0.tgz
65 http fetch 200 https://registry.npmjs.org/node/-/node-10.11.0.tgz
66 silly fetchAndShaCheck shasum 2f6b2392c9bf9f7dc100a0115885bd053957c4bf
67 verbose addTmpTarball /var/folders/38/6dq2fv393fq2453x97x_vb_80000gn/T/npm-90140-45aabf2d/registry.npmjs.org/node/-/node-10.11.0.tgz not in flight; adding
68 verbose addTmpTarball already have metadata; skipping unpack for node@10.11.0
69 verbose correctMkdir /Users/adamgreenspan/.npm correctMkdir not in flight; initializing
70 silly cache afterAdd node@10.11.0
71 verbose afterAdd /Users/adamgreenspan/.npm/node/10.11.0/package/package.json not in flight; writing
72 verbose correctMkdir /Users/adamgreenspan/.npm correctMkdir not in flight; initializing
73 verbose afterAdd /Users/adamgreenspan/.npm/node/10.11.0/package/package.json written
74 silly fetchNamedPackageData node-bin-setup
75 silly mapToRegistry name node-bin-setup
76 silly mapToRegistry using default registry
77 silly mapToRegistry registry https://registry.npmjs.org/
78 silly mapToRegistry data Result {
78 silly mapToRegistry   raw: 'node-bin-setup',
78 silly mapToRegistry   scope: null,
78 silly mapToRegistry   escapedName: 'node-bin-setup',
78 silly mapToRegistry   name: 'node-bin-setup',
78 silly mapToRegistry   rawSpec: '',
78 silly mapToRegistry   spec: 'latest',
78 silly mapToRegistry   type: 'tag' }
79 silly mapToRegistry uri https://registry.npmjs.org/node-bin-setup
80 verbose request uri https://registry.npmjs.org/node-bin-setup
81 verbose request no auth needed
82 info attempt registry request try #1 at 5:33:02 PM
83 verbose etag W/"5976bbea-1511"
84 verbose lastModified Tue, 25 Jul 2017 03:32:58 GMT
85 http request GET https://registry.npmjs.org/node-bin-setup
86 http 200 https://registry.npmjs.org/node-bin-setup
87 verbose headers { date: 'Sat, 06 Oct 2018 22:33:02 GMT',
87 verbose headers   'content-type': 'application/json; charset=UTF-8',
87 verbose headers   'transfer-encoding': 'chunked',
87 verbose headers   connection: 'keep-alive',
87 verbose headers   'set-cookie': [ '__cfduid=d3917248930f7e5d5c41ad16667e51b9c1538865182; expires=Sun, 06-Oct-19 22:33:02 GMT; path=/; domain=.registry.npmjs.org; HttpOnly' ],
87 verbose headers   'cf-cache-status': 'REVALIDATED',
87 verbose headers   'cache-control': 'max-age=300',
87 verbose headers   'cf-ray': '465b965f1ec1254f-ORD',
87 verbose headers   etag: 'W/"696d6ec470fda56a33885508a280edab"',
87 verbose headers   'expect-ct': 'max-age=604800, report-uri="https://report-uri.cloudflare.com/cdn-cgi/beacon/expect-ct"',
87 verbose headers   'last-modified': 'Sun, 27 May 2018 09:55:03 GMT',
87 verbose headers   vary: 'accept-encoding, accept',
87 verbose headers   server: 'cloudflare',
87 verbose headers   'content-encoding': 'gzip' }
88 silly get cb [ 200,
88 silly get   { date: 'Sat, 06 Oct 2018 22:33:02 GMT',
88 silly get     'content-type': 'application/json; charset=UTF-8',
88 silly get     'transfer-encoding': 'chunked',
88 silly get     connection: 'keep-alive',
88 silly get     'set-cookie': [ '__cfduid=d3917248930f7e5d5c41ad16667e51b9c1538865182; expires=Sun, 06-Oct-19 22:33:02 GMT; path=/; domain=.registry.npmjs.org; HttpOnly' ],
88 silly get     'cf-cache-status': 'REVALIDATED',
88 silly get     'cache-control': 'max-age=300',
88 silly get     'cf-ray': '465b965f1ec1254f-ORD',
88 silly get     etag: 'W/"696d6ec470fda56a33885508a280edab"',
88 silly get     'expect-ct': 'max-age=604800, report-uri="https://report-uri.cloudflare.com/cdn-cgi/beacon/expect-ct"',
88 silly get     'last-modified': 'Sun, 27 May 2018 09:55:03 GMT',
88 silly get     vary: 'accept-encoding, accept',
88 silly get     server: 'cloudflare',
88 silly get     'content-encoding': 'gzip' } ]
89 verbose get saving node-bin-setup to /Users/adamgreenspan/.npm/registry.npmjs.org/node-bin-setup/.cache.json
90 verbose correctMkdir /Users/adamgreenspan/.npm correctMkdir not in flight; initializing
91 silly resolveWithNewModule node-bin-setup@1.0.6 checking installable status
92 silly cache add args [ 'node-bin-setup@^1.0.0', null ]
93 verbose cache add spec node-bin-setup@^1.0.0
94 silly cache add parsed spec Result {
94 silly cache add   raw: 'node-bin-setup@^1.0.0',
94 silly cache add   scope: null,
94 silly cache add   escapedName: 'node-bin-setup',
94 silly cache add   name: 'node-bin-setup',
94 silly cache add   rawSpec: '^1.0.0',
94 silly cache add   spec: '>=1.0.0 <2.0.0',
94 silly cache add   type: 'range' }
95 silly addNamed node-bin-setup@>=1.0.0 <2.0.0
96 verbose addNamed ">=1.0.0 <2.0.0" is a valid semver range for node-bin-setup
97 silly addNameRange { name: 'node-bin-setup',
97 silly addNameRange   range: '>=1.0.0 <2.0.0',
97 silly addNameRange   hasData: false }
98 silly mapToRegistry name node-bin-setup
99 silly mapToRegistry using default registry
100 silly mapToRegistry registry https://registry.npmjs.org/
101 silly mapToRegistry data Result {
101 silly mapToRegistry   raw: 'node-bin-setup',
101 silly mapToRegistry   scope: null,
101 silly mapToRegistry   escapedName: 'node-bin-setup',
101 silly mapToRegistry   name: 'node-bin-setup',
101 silly mapToRegistry   rawSpec: '',
101 silly mapToRegistry   spec: 'latest',
101 silly mapToRegistry   type: 'tag' }
102 silly mapToRegistry uri https://registry.npmjs.org/node-bin-setup
103 verbose addNameRange registry:https://registry.npmjs.org/node-bin-setup not in flight; fetching
104 verbose get https://registry.npmjs.org/node-bin-setup not expired, no request
105 silly addNameRange number 2 { name: 'node-bin-setup',
105 silly addNameRange   range: '>=1.0.0 <2.0.0',
105 silly addNameRange   hasData: true }
106 silly addNameRange versions [ 'node-bin-setup',
106 silly addNameRange   [ '1.0.0', '1.0.1', '1.0.2', '1.0.3', '1.0.4', '1.0.6' ] ]
107 silly addNamed node-bin-setup@1.0.6
108 verbose addNamed "1.0.6" is a plain semver version for node-bin-setup
109 silly cache afterAdd node-bin-setup@1.0.6
110 verbose afterAdd /Users/adamgreenspan/.npm/node-bin-setup/1.0.6/package/package.json not in flight; writing
111 verbose correctMkdir /Users/adamgreenspan/.npm correctMkdir not in flight; initializing
112 verbose afterAdd /Users/adamgreenspan/.npm/node-bin-setup/1.0.6/package/package.json written
113 silly loadAllDepsIntoIdealTree Finishing
114 silly loadIdealTree Finishing
115 silly currentTree lib
115 silly currentTree └─┬ node@8.2.1
115 silly currentTree   ├── node-bin-setup@1.0.6
115 silly currentTree   └── node-darwin-x64@8.2.1
116 silly idealTree lib
116 silly idealTree └─┬ node@10.11.0
116 silly idealTree   └── node-bin-setup@1.0.6
117 silly generateActionsToTake Starting
118 silly install generateActionsToTake
119 silly generateActionsToTake Finishing
120 silly diffTrees action count 2
121 silly diffTrees update node@10.11.0
122 silly diffTrees remove node-darwin-x64@8.2.1
123 silly decomposeActions action count 10
124 silly decomposeActions remove node@10.11.0
125 silly decomposeActions fetch node@10.11.0
126 silly decomposeActions extract node@10.11.0
127 silly decomposeActions test node@10.11.0
128 silly decomposeActions preinstall node@10.11.0
129 silly decomposeActions build node@10.11.0
130 silly decomposeActions install node@10.11.0
131 silly decomposeActions postinstall node@10.11.0
132 silly decomposeActions finalize node@10.11.0
133 silly decomposeActions remove node-darwin-x64@8.2.1
134 silly runTopLevelLifecycles Starting
135 silly executeActions Starting
136 silly install executeActions
137 silly doSerial global-install 0
138 silly doParallel fetch 1
139 verbose correctMkdir /Users/adamgreenspan/.npm/_locks correctMkdir not in flight; initializing
140 verbose lock using /Users/adamgreenspan/.npm/_locks/staging-3a08f0df5026584d.lock for /usr/local/lib/node_modules/.staging
141 silly doParallel extract 1
142 silly extract node@10.11.0
143 verbose unbuild lib/node_modules/.staging/node-120c5c5f
144 silly gentlyRm /usr/local/lib/node_modules/.staging/node-120c5c5f is being purged from base /usr/local
145 verbose gentlyRm don't care about contents; nuking /usr/local/lib/node_modules/.staging/node-120c5c5f
146 verbose tar unpack /Users/adamgreenspan/.npm/node/10.11.0/package.tgz
147 verbose tar unpacking to /usr/local/lib/node_modules/.staging/node-120c5c5f
148 silly gentlyRm /usr/local/lib/node_modules/.staging/node-120c5c5f is being purged
149 verbose gentlyRm don't care about contents; nuking /usr/local/lib/node_modules/.staging/node-120c5c5f
150 silly gunzTarPerm modes [ '755', '644' ]
151 silly gunzTarPerm extractEntry package.json
152 silly gunzTarPerm extractEntry installArchSpecificPackage.js
153 silly gunzTarPerm extractEntry README.md
154 silly gentlyRm /usr/local/lib/node_modules/.staging/node-120c5c5f/node_modules is being purged
155 verbose gentlyRm don't care about contents; nuking /usr/local/lib/node_modules/.staging/node-120c5c5f/node_modules
156 silly doParallel preinstall 1
157 silly preinstall node@10.11.0 /usr/local/lib/node_modules/.staging/node-120c5c5f
158 info lifecycle node@10.11.0~preinstall: node@10.11.0
159 verbose lifecycle node@10.11.0~preinstall: unsafe-perm in lifecycle true
160 verbose lifecycle node@10.11.0~preinstall: PATH: /usr/local/lib/node_modules/npm/bin/node-gyp-bin:/usr/local/lib/node_modules/.staging/node-120c5c5f/node_modules/.bin:/usr/local/lib/node_modules/.bin:/Library/Frameworks/Python.framework/Versions/3.6/bin:/usr/local/bin:/usr/bin:/bin:/usr/sbin:/sbin:/usr/local/share/dotnet:/usr/local/git/bin:/Applications/Postgres.app/Contents/Versions/latest/bin
161 verbose lifecycle node@10.11.0~preinstall: CWD: /usr/local/lib/node_modules/.staging/node-120c5c5f
162 silly lifecycle node@10.11.0~preinstall: Args: [ '-c', 'node installArchSpecificPackage' ]
163 silly lifecycle node@10.11.0~preinstall: Returned: code: 1  signal: null
164 info lifecycle node@10.11.0~preinstall: Failed to exec preinstall script
165 verbose unlock done using /Users/adamgreenspan/.npm/_locks/staging-3a08f0df5026584d.lock for /usr/local/lib/node_modules/.staging
166 silly rollbackFailedOptional Starting
167 silly rollbackFailedOptional Finishing
168 silly runTopLevelLifecycles Finishing
169 silly install printInstalled
170 verbose stack Error: node@10.11.0 preinstall: `node installArchSpecificPackage`
170 verbose stack Exit status 1
170 verbose stack     at EventEmitter.<anonymous> (/usr/local/lib/node_modules/npm/lib/utils/lifecycle.js:255:16)
170 verbose stack     at emitTwo (events.js:106:13)
170 verbose stack     at EventEmitter.emit (events.js:191:7)
170 verbose stack     at ChildProcess.<anonymous> (/usr/local/lib/node_modules/npm/lib/utils/spawn.js:40:14)
170 verbose stack     at emitTwo (events.js:106:13)
170 verbose stack     at ChildProcess.emit (events.js:191:7)
170 verbose stack     at maybeClose (internal/child_process.js:920:16)
170 verbose stack     at Process.ChildProcess._handle.onexit (internal/child_process.js:230:5)
171 verbose pkgid node@10.11.0
172 verbose cwd /Users/adamgreenspan/modems/consolidated
173 error Darwin 17.7.0
174 error argv "/usr/local/bin/node" "/usr/local/bin/npm" "install" "-g" "node"
175 error node v6.11.3
176 error npm  v3.10.10
177 error code ELIFECYCLE
178 error node@10.11.0 preinstall: `node installArchSpecificPackage`
178 error Exit status 1
179 error Failed at the node@10.11.0 preinstall script 'node installArchSpecificPackage'.
179 error Make sure you have the latest version of node.js and npm installed.
179 error If you do, this is most likely a problem with the node package,
179 error not with npm itself.
179 error Tell the author that this fails on your system:
179 error     node installArchSpecificPackage
179 error You can get information on how to open an issue for this project with:
179 error     npm bugs node
179 error Or if that isn't available, you can get their info via:
179 error     npm owner ls node
179 error There is likely additional logging output above.
180 verbose exit [ 1, true ]
